<?xml version="1.0" encoding="UTF-8"?>
<!-- Generated by org.testng.reporters.JUnitReportReporter -->
<testsuite hostname="Stephy" failures="0" tests="1" name="Testpackagefinal.Expediatest" time="2.904" errors="0" timestamp="2024-03-26T23:05:41 IST" skipped="0">
  <testcase classname="Testpackagefinal.Expediatest" name="test" time="2.904"/>
</testsuite> <!-- Testpackagefinal.Expediatest -->
